[debug] [2024-07-01T16:27:03.226Z] ----------------------------------------------------------------------
[debug] [2024-07-01T16:27:03.229Z] Command:       C:\Program Files\nodejs\node.exe C:\Users\PRODESK\AppData\Roaming\npm\node_modules\firebase-tools\lib\bin\firebase.js init
[debug] [2024-07-01T16:27:03.229Z] CLI Version:   13.12.0
[debug] [2024-07-01T16:27:03.229Z] Platform:      win32
[debug] [2024-07-01T16:27:03.230Z] Node Version:  v20.14.0
[debug] [2024-07-01T16:27:03.230Z] Time:          Mon Jul 01 2024 17:27:03 GMT+0100 (Hora de verão Britânica)
[debug] [2024-07-01T16:27:03.230Z] ----------------------------------------------------------------------
[debug] 
[debug] [2024-07-01T16:27:03.285Z] > command requires scopes: ["email","openid","https://www.googleapis.com/auth/cloudplatformprojects.readonly","https://www.googleapis.com/auth/firebase","https://www.googleapis.com/auth/cloud-platform"]
[debug] [2024-07-01T16:27:03.286Z] > authorizing via signed-in user (elizeltonsatolia@gmail.com)
[info] 
     ######## #### ########  ######## ########     ###     ######  ########
     ##        ##  ##     ## ##       ##     ##  ##   ##  ##       ##
     ######    ##  ########  ######   ########  #########  ######  ######
     ##        ##  ##    ##  ##       ##     ## ##     ##       ## ##
     ##       #### ##     ## ######## ########  ##     ##  ######  ########

You're about to initialize a Firebase project in this directory:

  C:\Users\PRODESK\Documents\Aprendizado Angular\omokuyo

Before we get started, keep in mind:

  * You are initializing within an existing Firebase project directory

